# JRE version: Java(TM) SE Runtime Environment (22.0.1+8) (build 22.0.1+8-16)
# Java VM: Java HotSpot(TM) 64-Bit Server VM (22.0.1+8-16, mixed mode, sharing, tiered, compressed oops, compressed class ptrs, g1 gc, windows-amd64)
GC Precious Log:
 CardTable entry size: 512
 Card Set container configuration: InlinePtr #cards 5 size 8 Array Of Cards #cards 12 size 40 Howl #buckets 4 coarsen threshold 1843 Howl Bitmap #cards 512 size 80 coarsen threshold 460 Card regions per heap region 1 cards per card region 2048
 CPUs: 4 total, 4 available
 Memory: 8058M
 Large Page Support: Disabled
 NUMA Support: Disabled
 Compressed Oops: Enabled (32-bit)
 Heap Region Size: 1M
 Heap Min Capacity: 8M
 Heap Initial Capacity: 126M
 Heap Max Capacity: 2016M
 Pre-touch: Disabled
 Parallel Workers: 4
 Concurrent Workers: 1
 Concurrent Refinement Workers: 4
 Periodic GC: Disabled
Heap:
 garbage-first heap   total reserved 2064384K, committed 380928K, used 227200K [0x0000000082000000, 0x0000000100000000)
  region size 1024K, 1 young (1024K), 1 survivors (1024K)
 Metaspace       used 6158K, committed 6400K, reserved 1114112K
  class space    used 618K, committed 768K, reserved 1048576K
GC Heap History (20 events):
Event: 12.137 GC heap after
{Heap after GC invocations=16 (full 0):
 garbage-first heap   total reserved 2064384K, committed 215040K, used 124786K [0x0000000082000000, 0x0000000100000000)
  region size 1024K, 1 young (1024K), 1 survivors (1024K)
 Metaspace       used 6153K, committed 6400K, reserved 1114112K
  class space    used 618K, committed 768K, reserved 1048576K
}
Event: 12.382 GC heap before
{Heap before GC invocations=17 (full 0):
 garbage-first heap   total reserved 2064384K, committed 227328K, used 145266K [0x0000000082000000, 0x0000000100000000)
  region size 1024K, 12 young (12288K), 1 survivors (1024K)
 Metaspace       used 6153K, committed 6400K, reserved 1114112K
  class space    used 618K, committed 768K, reserved 1048576K
}
Event: 12.383 GC heap after
{Heap after GC invocations=18 (full 0):
 garbage-first heap   total reserved 2064384K, committed 227328K, used 135025K [0x0000000082000000, 0x0000000100000000)
  region size 1024K, 1 young (1024K), 1 survivors (1024K)
 Metaspace       used 6153K, committed 6400K, reserved 1114112K
  class space    used 618K, committed 768K, reserved 1048576K
}
Event: 12.591 GC heap before
{Heap before GC invocations=19 (full 0):
 garbage-first heap   total reserved 2064384K, committed 244736K, used 155505K [0x0000000082000000, 0x0000000100000000)
  region size 1024K, 12 young (12288K), 1 survivors (1024K)
 Metaspace       used 6153K, committed 6400K, reserved 1114112K
  class space    used 618K, committed 768K, reserved 1048576K
}
Event: 12.593 GC heap after
{Heap after GC invocations=20 (full 0):
 garbage-first heap   total reserved 2064384K, committed 314368K, used 145267K [0x0000000082000000, 0x0000000100000000)
  region size 1024K, 1 young (1024K), 1 survivors (1024K)
 Metaspace       used 6153K, committed 6400K, reserved 1114112K
  class space    used 618K, committed 768K, reserved 1048576K
}
Event: 12.843 GC heap before
{Heap before GC invocations=21 (full 0):
 garbage-first heap   total reserved 2064384K, committed 314368K, used 165747K [0x0000000082000000, 0x0000000100000000)
  region size 1024K, 12 young (12288K), 1 survivors (1024K)
 Metaspace       used 6153K, committed 6400K, reserved 1114112K
  class space    used 618K, committed 768K, reserved 1048576K
}
Event: 12.845 GC heap after
{Heap after GC invocations=22 (full 0):
 garbage-first heap   total reserved 2064384K, committed 314368K, used 155506K [0x0000000082000000, 0x0000000100000000)
  region size 1024K, 1 young (1024K), 1 survivors (1024K)
 Metaspace       used 6153K, committed 6400K, reserved 1114112K
  class space    used 618K, committed 768K, reserved 1048576K
}
Event: 13.027 GC heap before
{Heap before GC invocations=23 (full 0):
 garbage-first heap   total reserved 2064384K, committed 314368K, used 177010K [0x0000000082000000, 0x0000000100000000)
  region size 1024K, 13 young (13312K), 1 survivors (1024K)
 Metaspace       used 6153K, committed 6400K, reserved 1114112K
  class space    used 618K, committed 768K, reserved 1048576K
}
Event: 13.028 GC heap after
{Heap after GC invocations=24 (full 0):
 garbage-first heap   total reserved 2064384K, committed 314368K, used 165748K [0x0000000082000000, 0x0000000100000000)
  region size 1024K, 1 young (1024K), 1 survivors (1024K)
 Metaspace       used 6153K, committed 6400K, reserved 1114112K
  class space    used 618K, committed 768K, reserved 1048576K
}
Event: 13.249 GC heap before
{Heap before GC invocations=25 (full 0):
 garbage-first heap   total reserved 2064384K, committed 314368K, used 186228K [0x0000000082000000, 0x0000000100000000)
  region size 1024K, 12 young (12288K), 1 survivors (1024K)
 Metaspace       used 6153K, committed 6400K, reserved 1114112K
  class space    used 618K, committed 768K, reserved 1048576K
}
Event: 13.250 GC heap after
{Heap after GC invocations=26 (full 0):
 garbage-first heap   total reserved 2064384K, committed 314368K, used 175990K [0x0000000082000000, 0x0000000100000000)
  region size 1024K, 1 young (1024K), 1 survivors (1024K)
 Metaspace       used 6153K, committed 6400K, reserved 1114112K
  class space    used 618K, committed 768K, reserved 1048576K
}
Event: 13.472 GC heap before
{Heap before GC invocations=27 (full 0):
 garbage-first heap   total reserved 2064384K, committed 314368K, used 196470K [0x0000000082000000, 0x0000000100000000)
  region size 1024K, 12 young (12288K), 1 survivors (1024K)
 Metaspace       used 6154K, committed 6400K, reserved 1114112K
  class space    used 618K, committed 768K, reserved 1048576K
}
Event: 13.475 GC heap after
{Heap after GC invocations=28 (full 0):
 garbage-first heap   total reserved 2064384K, committed 377856K, used 186227K [0x0000000082000000, 0x0000000100000000)
  region size 1024K, 1 young (1024K), 1 survivors (1024K)
 Metaspace       used 6154K, committed 6400K, reserved 1114112K
  class space    used 618K, committed 768K, reserved 1048576K
}
Event: 13.741 GC heap before
{Heap before GC invocations=29 (full 0):
 garbage-first heap   total reserved 2064384K, committed 377856K, used 206707K [0x0000000082000000, 0x0000000100000000)
  region size 1024K, 12 young (12288K), 1 survivors (1024K)
 Metaspace       used 6154K, committed 6400K, reserved 1114112K
  class space    used 618K, committed 768K, reserved 1048576K
}
Event: 13.742 GC heap after
{Heap after GC invocations=30 (full 0):
 garbage-first heap   total reserved 2064384K, committed 377856K, used 196476K [0x0000000082000000, 0x0000000100000000)
  region size 1024K, 1 young (1024K), 1 survivors (1024K)
 Metaspace       used 6154K, committed 6400K, reserved 1114112K
  class space    used 618K, committed 768K, reserved 1048576K
}
Event: 13.934 GC heap before
{Heap before GC invocations=31 (full 0):
 garbage-first heap   total reserved 2064384K, committed 377856K, used 216956K [0x0000000082000000, 0x0000000100000000)
  region size 1024K, 12 young (12288K), 1 survivors (1024K)
 Metaspace       used 6155K, committed 6400K, reserved 1114112K
  class space    used 618K, committed 768K, reserved 1048576K
}
Event: 13.935 GC heap after
{Heap after GC invocations=32 (full 0):
 garbage-first heap   total reserved 2064384K, committed 377856K, used 206715K [0x0000000082000000, 0x0000000100000000)
  region size 1024K, 1 young (1024K), 1 survivors (1024K)
 Metaspace       used 6155K, committed 6400K, reserved 1114112K
  class space    used 618K, committed 768K, reserved 1048576K
}
Event: 14.133 GC heap before
{Heap before GC invocations=33 (full 0):
 garbage-first heap   total reserved 2064384K, committed 377856K, used 227195K [0x0000000082000000, 0x0000000100000000)
  region size 1024K, 12 young (12288K), 1 survivors (1024K)
 Metaspace       used 6156K, committed 6400K, reserved 1114112K
  class space    used 618K, committed 768K, reserved 1048576K
}
Event: 14.134 GC heap after
{Heap after GC invocations=34 (full 0):
 garbage-first heap   total reserved 2064384K, committed 377856K, used 216959K [0x0000000082000000, 0x0000000100000000)
  region size 1024K, 1 young (1024K), 1 survivors (1024K)
 Metaspace       used 6156K, committed 6400K, reserved 1114112K
  class space    used 618K, committed 768K, reserved 1048576K
}
Event: 14.371 GC heap before
{Heap before GC invocations=35 (full 0):
 garbage-first heap   total reserved 2064384K, committed 380928K, used 237439K [0x0000000082000000, 0x0000000100000000)
  region size 1024K, 12 young (12288K), 1 survivors (1024K)
 Metaspace       used 6158K, committed 6400K, reserved 1114112K
  class space    used 618K, committed 768K, reserved 1048576K
}

